[    2189ms] [INFO] [webpack-dev-server] Server started: Hot Module Replacement enabled, Live Reloading enabled, Progress disabled, Overlay disabled. @ http://pllimsksparky3:3001/reactapp/common.bundle.js:55485
[    2547ms] [LOG] [HMR] Waiting for update signal from WDS... @ http://pllimsksparky3:3001/reactapp/common.bundle.js:54787
[    2580ms] [INFO] %cDownload the React DevTools for a better development experience: https://fb.me/react-devtools font-weight:bold @ http://pllimsksparky3:3001/reactapp/common.bundle.js:402549
[    2909ms] [WARNING] The npm package jStat is no longer maintained. Instead use jstat (lowercase). @ http://pllimsksparky3:3001/reactapp/common.bundle.js:233357
[    2918ms] [WARNING] Visit https://www.npmjs.com/package/jstat for more information. @ http://pllimsksparky3:3001/reactapp/common.bundle.js:233358
[    3407ms] [WARNING] [webpack-dev-server] Warnings while compiling. @ http://pllimsksparky3:3001/reactapp/common.bundle.js:55489
[    3408ms] [WARNING] [webpack-dev-server] WARNING in ./src/shared/components/query/quickSearch/QuickSearch.tsx 566:20-43
  ⚠ ESModulesLinkingWarning: export 'optionGroup' (imported as 'moduleStyles') was not found in './styles.module.scss' (possible exports: default)
     ╭─[566:19]
 564 │     const label = groupData.value + ' more ' + Pluralize(groupData.type, groupData.value) + ' (click to load ' + (groupData.value < SHOW_MORE_SIZE ? groupData.value : SHOW_MORE_SIZE) + ' more)';
 565 │     return /*#__PURE__*/ React.createElement("div", {
 566 │         className: moduleStyles.optionGroup,
     ·                    ────────────────────────
 567 │         __source: {
 568 │             fileName: "/gpfs/mskmind_ess/limr/repos/cbioportal-frontend-option-c/src/shared/components/query/quickSearch/QuickSearch.tsx",
     ╰────
 @ http://pllimsksparky3:3001/reactapp/common.bundle.js:55489
[    3408ms] [WARNING] [webpack-dev-server] WARNING in ./src/shared/components/query/quickSearch/QuickSearch.tsx 574:20-43
  ⚠ ESModulesLinkingWarning: export 'groupHeader' (imported as 'moduleStyles') was not found in './styles.module.scss' (possible exports: default)
     ╭─[574:19]
 572 │         __self: this
 573 │     }, /*#__PURE__*/ React.createElement("div", {
 574 │         className: moduleStyles.groupHeader,
     ·                    ────────────────────────
 575 │         __source: {
 576 │             fileName: "/gpfs/mskmind_ess/limr/repos/cbioportal-frontend-option-c/src/shared/components/query/quickSearch/QuickSearch.tsx",
     ╰────
 @ http://pllimsksparky3:3001/reactapp/common.bundle.js:55489
[    3408ms] [WARNING] [webpack-dev-server] WARNING in ./src/shared/components/query/quickSearch/QuickSearch.tsx 619:20-45
  ⚠ ESModulesLinkingWarning: export 'optionWrapper' (imported as 'moduleStyles') was not found in './styles.module.scss' (possible exports: default)
     ╭─[619:19]
 617 │     }
 618 │     return /*#__PURE__*/ React.createElement("div", {
 619 │         className: moduleStyles.optionWrapper,
     ·                    ──────────────────────────
 620 │         __source: {
 621 │             fileName: "/gpfs/mskmind_ess/limr/repos/cbioportal-frontend-option-c/src/shared/components/query/quickSearch/QuickSearch.tsx",
     ╰────
 @ http://pllimsksparky3:3001/reactapp/common.bundle.js:55489
[    3408ms] [WARNING] [webpack-dev-server] WARNING in ./src/shared/components/query/quickSearch/QuickSearch.tsx 627:20-50
  ⚠ ESModulesLinkingWarning: export 'optionLabelWrapper' (imported as 'moduleStyles') was not found in './styles.module.scss' (possible exports: default)
     ╭─[627:19]
 625 │         __self: this
 626 │     }, typeStyle && /*#__PURE__*/ React.createElement("div", {
 627 │         className: moduleStyles.optionLabelWrapper,
     ·                    ───────────────────────────────
 628 │         __source: {
 629 │             fileName: "/gpfs/mskmind_ess/limr/repos/cbioportal-frontend-option-c/src/shared/components/query/quickSearch/QuickSearch.tsx",
     ╰────
 @ http://pllimsksparky3:3001/reactapp/common.bundle.js:55489
[    3441ms] [ERROR] Warning: Each child in a list should have a unique "key" prop.%s%s See https://fb.me/react-warning-keys for more information.%s 

Check the render method of `Observer`.  
    in li (at PortalHeader.tsx:150)
    in Observer (created by PortalHeader)
    in PortalHeader (at Container.tsx:124)
    in div (at Container.tsx:123)
    in div (at Container.tsx:116)
    in div (at Container.tsx:102)
    in ErrorBoundary (at Container.tsx:101)
    in Observer (created by Container)
    in Container (at appBootstrapper.tsx:315)
    in Router (at appBootstrapper.tsx:313)
    in r (at appBootstrapper.tsx:312) @ http://pllimsksparky3:3001/reactapp/common.bundle.js:484999
[    3795ms] [ERROR] Warning: Failed prop type: Invalid prop `condition` of type `string` supplied to `If`, expected `boolean`.
    in If (at QueryAndDownloadTabs.tsx:108)
    in Observer (created by QueryAndDownloadTabs)
    in QueryAndDownloadTabs (at HomePage.tsx:68)
    in div (at PageLayout.tsx:31)
    in main (at PageLayout.tsx:30)
    in div (at PageLayout.tsx:23)
    in div (at PageLayout.tsx:22)
    in PageLayout (created by n)
    in n (created by inject-with-appStore(PageLayout))
    in inject-with-appStore(PageLayout) (at HomePage.tsx:56)
    in Observer (created by HomePage)
    in HomePage (created by n)
    in n (created by inject-with-routing(HomePage))
    in inject-with-routing(HomePage) (at routes.tsx:131)
    in Suspense (at routes.tsx:130)
    in Unknown (at routes.tsx:217)
    in Unknown (created by Context.Consumer)
    in Route (at routes.tsx:329)
    in Switch (at routes.tsx:328)
    in Suspense (at routes.tsx:327)
    in div (at Container.tsx:156)
    in Else (at Container.tsx:155)
    in If (at Container.tsx:127)
    in div (at Container.tsx:102)
    in ErrorBoundary (at Container.tsx:101)
    in Observer (created by Container)
    in Container (at appBootstrapper.tsx:315)
    in Router (at appBootstrapper.tsx:313)
    in r (at appBootstrapper.tsx:312) @ http://pllimsksparky3:3001/reactapp/common.bundle.js:357065
[    3810ms] [WARNING] Warning: componentWillMount has been renamed, and is not recommended for use. See https://fb.me/react-unsafe-component-lifecycles for details.

* Move code with side effects to componentDidMount, and set initial state in the constructor.
* Rename componentWillMount to UNSAFE_componentWillMount to suppress this warning in non-strict mode. In React 17.x, only the UNSAFE_ name will work. To rename all deprecated lifecycles to their new names, you can run `npx react-codemod rename-unsafe-lifecycles` in your project source folder.

Please update the following components: %s HomePage @ http://pllimsksparky3:3001/reactapp/common.bundle.js:377643
[    3811ms] [WARNING] Warning: componentWillReceiveProps has been renamed, and is not recommended for use. See https://fb.me/react-unsafe-component-lifecycles for details.

* Move data fetching code or side effects to componentDidUpdate.
* If you're updating state whenever props change, refactor your code to use memoization techniques or move it to static getDerivedStateFromProps. Learn more at: https://fb.me/react-derived-state
* Rename componentWillReceiveProps to UNSAFE_componentWillReceiveProps to suppress this warning in non-strict mode. In React 17.x, only the UNSAFE_ name will work. To rename all deprecated lifecycles to their new names, you can run `npx react-codemod rename-unsafe-lifecycles` in your project source folder.

Please update the following components: %s MSKTabs @ http://pllimsksparky3:3001/reactapp/common.bundle.js:377643
[    3850ms] [ERROR] Warning: React does not recognize the `%s` prop on a DOM element. If you intentionally want it to appear in the DOM as a custom attribute, spell it as lowercase `%s` instead. If you accidentally passed it from a parent component, remove it from the DOM element.%s rootCloseEvent rootcloseevent 
    in button (created by Button)
    in Button (created by DropdownToggle)
    in DropdownToggle (at DataTypeFilter.tsx:65)
    in div (created by ButtonGroup)
    in ButtonGroup (created by Dropdown)
    in Dropdown (created by Uncontrolled(Dropdown))
    in Uncontrolled(Dropdown) (at DataTypeFilter.tsx:64)
    in div (at DataTypeFilter.tsx:63)
    in div (at DataTypeFilter.tsx:62)
    in DataTypeFilter (at CancerStudySelector.tsx:328)
    in div (at CancerStudySelector.tsx:320)
    in div (at CancerStudySelector.tsx:319)
    in Observer (at CancerStudySelector.tsx:301)
    in div (at FlexBox.tsx:38)
    in FlexRow (at CancerStudySelector.tsx:285)
    in div (at FlexBox.tsx:38)
    in FlexCol (at CancerStudySelector.tsx:280)
    in Observer (created by CancerStudySelector)
    in CancerStudySelector (at QueryContainer.tsx:121)
    in div (created by RevealBase)
    in div (created by RevealBase)
    in RevealBase (created by Fade)
    in Fade (at QueryContainer.tsx:154)
    in div (at QueryContainer.tsx:153)
    in div (at FlexBox.tsx:38)
    in FlexCol (at QueryContainer.tsx:220)
    in Observer (created by QueryContainer)
    in QueryContainer (created by withContext(QueryContainer))
    in withContext(QueryContainer) (at QueryAndDownloadTabs.tsx:127)
    in div (at MSKTabs.tsx:87)
    in MSKTab (at QueryAndDownloadTabs.tsx:122)
    in div (at MSKTabs.tsx:57)
    in Observer (created by DeferredRender)
    in DeferredRender (at MSKTabs.tsx:267)
    in div (at MSKTabs.tsx:258)
    in Observer (created by MSKTabs)
    in MSKTabs (at QueryAndDownloadTabs.tsx:117)
    in div (at QueryAndDownloadTabs.tsx:107)
    in Observer (created by QueryAndDownloadTabs)
    in QueryAndDownloadTabs (at HomePage.tsx:68)
    in div (at PageLayout.tsx:31)
    in main (at PageLayout.tsx:30)
    in div (at PageLayout.tsx:23)
    in div (at PageLayout.tsx:22)
    in PageLayout (created by n)
    in n (created by inject-with-appStore(PageLayout))
    in inject-with-appStore(PageLayout) (at HomePage.tsx:56)
    in Observer (created by HomePage)
    in HomePage (created by n)
    in n (created by inject-with-routing(HomePage))
    in inject-with-routing(HomePage) (at routes.tsx:131)
    in Suspense (at routes.tsx:130)
    in Unknown (at routes.tsx:217)
    in Unknown (created by Context.Consumer)
    in Route (at routes.tsx:329)
    in Switch (at routes.tsx:328)
    in Suspense (at routes.tsx:327)
    in div (at Container.tsx:156)
    in Else (at Container.tsx:155)
    in If (at Container.tsx:127)
    in div (at Container.tsx:102)
    in ErrorBoundary (at Container.tsx:101)
    in Observer (created by Container)
    in Container (at appBootstrapper.tsx:315)
    in Router (at appBootstrapper.tsx:313)
    in r (at appBootstrapper.tsx:312) @ http://pllimsksparky3:3001/reactapp/common.bundle.js:377643
[    3854ms] [ERROR] Warning: Each child in a list should have a unique "key" prop.%s%s See https://fb.me/react-warning-keys for more information.%s 

Check the render method of `StudySearchControls`.  
    in div (at StudySearchControls.tsx:40)
    in StudySearchControls (at StudySearch.tsx:83)
    in div (at StudySearch.tsx:60)
    in wrappedComponent (at CancerStudySelector.tsx:371)
    in div (at CancerStudySelector.tsx:363)
    in div (at CancerStudySelector.tsx:319)
    in Observer (at CancerStudySelector.tsx:301)
    in div (at FlexBox.tsx:38)
    in FlexRow (at CancerStudySelector.tsx:285)
    in div (at FlexBox.tsx:38)
    in FlexCol (at CancerStudySelector.tsx:280)
    in Observer (created by CancerStudySelector)
    in CancerStudySelector (at QueryContainer.tsx:121)
    in div (created by RevealBase)
    in div (created by RevealBase)
    in RevealBase (created by Fade)
    in Fade (at QueryContainer.tsx:154)
    in div (at QueryContainer.tsx:153)
    in div (at FlexBox.tsx:38)
    in FlexCol (at QueryContainer.tsx:220)
    in Observer (created by QueryContainer)
    in QueryContainer (created by withContext(QueryContainer))
    in withContext(QueryContainer) (at QueryAndDownloadTabs.tsx:127)
    in div (at MSKTabs.tsx:87)
    in MSKTab (at QueryAndDownloadTabs.tsx:122)
    in div (at MSKTabs.tsx:57)
    in Observer (created by DeferredRender)
    in DeferredRender (at MSKTabs.tsx:267)
    in div (at MSKTabs.tsx:258)
    in Observer (created by MSKTabs)
    in MSKTabs (at QueryAndDownloadTabs.tsx:117)
    in div (at QueryAndDownloadTabs.tsx:107)
    in Observer (created by QueryAndDownloadTabs)
    in QueryAndDownloadTabs (at HomePage.tsx:68)
    in div (at PageLayout.tsx:31)
    in main (at PageLayout.tsx:30)
    in div (at PageLayout.tsx:23)
    in div (at PageLayout.tsx:22)
    in PageLayout (created by n)
    in n (created by inject-with-appStore(PageLayout))
    in inject-with-appStore(PageLayout) (at HomePage.tsx:56)
    in Observer (created by HomePage)
    in HomePage (created by n)
    in n (created by inject-with-routing(HomePage))
    in inject-with-routing(HomePage) (at routes.tsx:131)
    in Suspense (at routes.tsx:130)
    in Unknown (at routes.tsx:217)
    in Unknown (created by Context.Consumer)
    in Route (at routes.tsx:329)
    in Switch (at routes.tsx:328)
    in Suspense (at routes.tsx:327)
    in div (at Container.tsx:156)
    in Else (at Container.tsx:155)
    in If (at Container.tsx:127)
    in div (at Container.tsx:102)
    in ErrorBoundary (at Container.tsx:101)
    in Observer (created by Container)
    in Container (at appBootstrapper.tsx:315)
    in Router (at appBootstrapper.tsx:313)
    in r (at appBootstrapper.tsx:312) @ http://pllimsksparky3:3001/reactapp/common.bundle.js:484999
[    3856ms] [ERROR] Warning: Each child in a list should have a unique "key" prop.%s%s See https://fb.me/react-warning-keys for more information.%s 

Check the render method of `FilterList`.  
    in li (at ListFormField.tsx:25)
    in FilterList (created by FilterFormField)
    in div (at FilterFormField.tsx:27)
    in FilterFormField (at StudySearchControls.tsx:44)
    in div (at StudySearchControls.tsx:40)
    in ul (at StudySearchControls.tsx:26)
    in StudySearchControls (at StudySearch.tsx:83)
    in div (at StudySearch.tsx:60)
    in wrappedComponent (at CancerStudySelector.tsx:371)
    in div (at CancerStudySelector.tsx:363)
    in div (at CancerStudySelector.tsx:319)
    in Observer (at CancerStudySelector.tsx:301)
    in div (at FlexBox.tsx:38)
    in FlexRow (at CancerStudySelector.tsx:285)
    in div (at FlexBox.tsx:38)
    in FlexCol (at CancerStudySelector.tsx:280)
    in Observer (created by CancerStudySelector)
    in CancerStudySelector (at QueryContainer.tsx:121)
    in div (created by RevealBase)
    in div (created by RevealBase)
    in RevealBase (created by Fade)
    in Fade (at QueryContainer.tsx:154)
    in div (at QueryContainer.tsx:153)
    in div (at FlexBox.tsx:38)
    in FlexCol (at QueryContainer.tsx:220)
    in Observer (created by QueryContainer)
    in QueryContainer (created by withContext(QueryContainer))
    in withContext(QueryContainer) (at QueryAndDownloadTabs.tsx:127)
    in div (at MSKTabs.tsx:87)
    in MSKTab (at QueryAndDownloadTabs.tsx:122)
    in div (at MSKTabs.tsx:57)
    in Observer (created by DeferredRender)
    in DeferredRender (at MSKTabs.tsx:267)
    in div (at MSKTabs.tsx:258)
    in Observer (created by MSKTabs)
    in MSKTabs (at QueryAndDownloadTabs.tsx:117)
    in div (at QueryAndDownloadTabs.tsx:107)
    in Observer (created by QueryAndDownloadTabs)
    in QueryAndDownloadTabs (at HomePage.tsx:68)
    in div (at PageLayout.tsx:31)
    in main (at PageLayout.tsx:30)
    in div (at PageLayout.tsx:23)
    in div (at PageLayout.tsx:22)
    in PageLayout (created by n)
    in n (created by inject-with-appStore(PageLayout))
    in inject-with-appStore(PageLayout) (at HomePage.tsx:56)
    in Observer (created by HomePage)
    in HomePage (created by n)
    in n (created by inject-with-routing(HomePage))
    in inject-with-routing(HomePage) (at routes.tsx:131)
    in Suspense (at routes.tsx:130)
    in Unknown (at routes.tsx:217)
    in Unknown (created by Context.Consumer)
    in Route (at routes.tsx:329)
    in Switch (at routes.tsx:328)
    in Suspense (at routes.tsx:327)
    in div (at Container.tsx:156)
    in Else (at Container.tsx:155)
    in If (at Container.tsx:127)
    in div (at Container.tsx:102)
    in ErrorBoundary (at Container.tsx:101)
    in Observer (created by Container)
    in Container (at appBootstrapper.tsx:315)
    in Router (at appBootstrapper.tsx:313)
    in r (at appBootstrapper.tsx:312) @ http://pllimsksparky3:3001/reactapp/common.bundle.js:484999
[    3861ms] [WARNING] Warning: componentWillMount has been renamed, and is not recommended for use. See https://fb.me/react-unsafe-component-lifecycles for details.

* Move code with side effects to componentDidMount, and set initial state in the constructor.
* Rename componentWillMount to UNSAFE_componentWillMount to suppress this warning in non-strict mode. In React 17.x, only the UNSAFE_ name will work. To rename all deprecated lifecycles to their new names, you can run `npx react-codemod rename-unsafe-lifecycles` in your project source folder.

Please update the following components: %s Uncontrolled(Dropdown) @ http://pllimsksparky3:3001/reactapp/common.bundle.js:377643
[    3861ms] [WARNING] Warning: componentWillReceiveProps has been renamed, and is not recommended for use. See https://fb.me/react-unsafe-component-lifecycles for details.

* Move data fetching code or side effects to componentDidUpdate.
* If you're updating state whenever props change, refactor your code to use memoization techniques or move it to static getDerivedStateFromProps. Learn more at: https://fb.me/react-derived-state
* Rename componentWillReceiveProps to UNSAFE_componentWillReceiveProps to suppress this warning in non-strict mode. In React 17.x, only the UNSAFE_ name will work. To rename all deprecated lifecycles to their new names, you can run `npx react-codemod rename-unsafe-lifecycles` in your project source folder.

Please update the following components: %s Modal, RevealBase, Uncontrolled(Dropdown) @ http://pllimsksparky3:3001/reactapp/common.bundle.js:377643
[    3861ms] [WARNING] Warning: componentWillUpdate has been renamed, and is not recommended for use. See https://fb.me/react-unsafe-component-lifecycles for details.

* Move data fetching code or side effects to componentDidUpdate.
* Rename componentWillUpdate to UNSAFE_componentWillUpdate to suppress this warning in non-strict mode. In React 17.x, only the UNSAFE_ name will work. To rename all deprecated lifecycles to their new names, you can run `npx react-codemod rename-unsafe-lifecycles` in your project source folder.

Please update the following components: %s Dropdown, Modal @ http://pllimsksparky3:3001/reactapp/common.bundle.js:377643
[    4042ms] [ERROR] Warning: Failed prop type: You provided a `checked` prop to a form field without an `onChange` handler. This will render a read-only field. If the field should be mutable use `defaultChecked`. Otherwise, set either `onChange` or `readOnly`.
    in input (at DataTypeFilter.tsx:193)
    in label (at DataTypeFilter.tsx:180)
    in td (at DataTypeFilter.tsx:174)
    in tr (at DataTypeFilter.tsx:166)
    in tbody (at DataTypeFilter.tsx:159)
    in table (at DataTypeFilter.tsx:125)
    in ul (created by DropdownMenu)
    in RootCloseWrapper (created by DropdownMenu)
    in DropdownMenu (at DataTypeFilter.tsx:96)
    in div (created by ButtonGroup)
    in ButtonGroup (created by Dropdown)
    in Dropdown (created by Uncontrolled(Dropdown))
    in Uncontrolled(Dropdown) (at DataTypeFilter.tsx:64)
    in div (at DataTypeFilter.tsx:63)
    in div (at DataTypeFilter.tsx:62)
    in DataTypeFilter (at CancerStudySelector.tsx:328)
    in div (at CancerStudySelector.tsx:320)
    in div (at CancerStudySelector.tsx:319)
    in Observer (at CancerStudySelector.tsx:301)
    in div (at FlexBox.tsx:38)
    in FlexRow (at CancerStudySelector.tsx:285)
    in div (at FlexBox.tsx:38)
    in FlexCol (at CancerStudySelector.tsx:280)
    in Observer (created by CancerStudySelector)
    in CancerStudySelector (at QueryContainer.tsx:121)
    in div (created by RevealBase)
    in div (created by RevealBase)
    in RevealBase (created by Fade)
    in Fade (at QueryContainer.tsx:154)
    in div (at QueryContainer.tsx:153)
    in div (at FlexBox.tsx:38)
    in FlexCol (at QueryContainer.tsx:220)
    in Observer (created by QueryContainer)
    in QueryContainer (created by withContext(QueryContainer))
    in withContext(QueryContainer) (at QueryAndDownloadTabs.tsx:127)
    in div (at MSKTabs.tsx:87)
    in MSKTab (at QueryAndDownloadTabs.tsx:122)
    in div (at MSKTabs.tsx:57)
    in Observer (created by DeferredRender)
    in DeferredRender (at MSKTabs.tsx:267)
    in div (at MSKTabs.tsx:258)
    in Observer (created by MSKTabs)
    in MSKTabs (at QueryAndDownloadTabs.tsx:117)
    in div (at QueryAndDownloadTabs.tsx:107)
    in Observer (created by QueryAndDownloadTabs)
    in QueryAndDownloadTabs (at HomePage.tsx:68)
    in div (at PageLayout.tsx:31)
    in main (at PageLayout.tsx:30)
    in div (at PageLayout.tsx:23)
    in div (at PageLayout.tsx:22)
    in PageLayout (created by n)
    in n (created by inject-with-appStore(PageLayout))
    in inject-with-appStore(PageLayout) (at HomePage.tsx:56)
    in Observer (created by HomePage)
    in HomePage (created by n)
    in n (created by inject-with-routing(HomePage))
    in inject-with-routing(HomePage) (at routes.tsx:131)
    in Suspense (at routes.tsx:130)
    in Unknown (at routes.tsx:217)
    in Unknown (created by Context.Consumer)
    in Route (at routes.tsx:329)
    in Switch (at routes.tsx:328)
    in Suspense (at routes.tsx:327)
    in div (at Container.tsx:156)
    in Else (at Container.tsx:155)
    in If (at Container.tsx:127)
    in div (at Container.tsx:102)
    in ErrorBoundary (at Container.tsx:101)
    in Observer (created by Container)
    in Container (at appBootstrapper.tsx:315)
    in Router (at appBootstrapper.tsx:313)
    in r (at appBootstrapper.tsx:312) @ http://pllimsksparky3:3001/reactapp/common.bundle.js:357065
